<?xml version="1.0" encoding="UTF-8"?>
<!-- Generated by org.testng.reporters.JUnitReportReporter -->
<testsuite hostname="Girish-PC" name="com.ctliselenium.framework.datadriven.Billing.ViewBillTest" tests="1" failures="0" timestamp="23 May 2016 15:45:50 GMT" time="89.051" errors="0">
  <testcase name="ViewBillTest" time="89.051" classname="com.ctliselenium.framework.datadriven.Billing.ViewBillTest"/>
</testsuite> <!-- com.ctliselenium.framework.datadriven.Billing.ViewBillTest -->
