<?xml version="1.0" encoding="UTF-8"?>
<!-- Generated by org.testng.reporters.JUnitReportReporter -->
<testsuite hostname="Girish-PC" name="com.qtpselenium.framework.datadriven.ordering.AddTest" tests="1" failures="0" timestamp="21 May 2016 08:30:40 GMT" time="636.597" errors="0">
  <testcase name="AddTest" time="636.597" classname="com.qtpselenium.framework.datadriven.ordering.AddTest"/>
</testsuite> <!-- com.qtpselenium.framework.datadriven.ordering.AddTest -->
