<?xml version="1.0" encoding="UTF-8"?>
<!-- Generated by org.testng.reporters.JUnitReportReporter -->
<testsuite hostname="Girish-PC" name="com.qtpselenium.framework.datadriven.StockSuite.Test2" tests="1" failures="0" timestamp="5 Apr 2016 18:42:47 GMT" time="0.002" errors="0">
  <testcase name="test2" time="0.002" classname="com.qtpselenium.framework.datadriven.StockSuite.Test2"/>
</testsuite> <!-- com.qtpselenium.framework.datadriven.StockSuite.Test2 -->
