<?xml version="1.0" encoding="UTF-8"?>
<!-- Generated by org.testng.reporters.JUnitReportReporter -->
<testsuite hostname="Girish-PC" name="com.qtpselenium.framework.datadriven.portfolio.AddTest" tests="1" failures="0" timestamp="5 Apr 2016 18:04:51 GMT" time="85.296" errors="0">
  <testcase name="AddTest" time="85.296" classname="com.qtpselenium.framework.datadriven.portfolio.AddTest"/>
</testsuite> <!-- com.qtpselenium.framework.datadriven.portfolio.AddTest -->
