<?xml version="1.0" encoding="UTF-8"?>
<!-- Generated by org.testng.reporters.JUnitReportReporter -->
<testsuite hostname="XIN009ONAB48044" name="com.ctliselenium.framework.datadriven.Billing.ViewBillTest" tests="1" failures="0" timestamp="24 May 2016 07:50:59 GMT" time="49.506" errors="0">
  <testcase name="ViewBillTest" time="49.506" classname="com.ctliselenium.framework.datadriven.Billing.ViewBillTest"/>
</testsuite> <!-- com.ctliselenium.framework.datadriven.Billing.ViewBillTest -->
